<?xml version="1.0" encoding="UTF-8"?>
<testng-results ignored="0" total="1" passed="1" failed="0" skipped="0">
  <reporter-output>
  </reporter-output>
  <suite started-at="2024-08-22T07:27:27 PDT" name="Default suite" finished-at="2024-08-22T07:27:39 PDT" duration-ms="12445">
    <groups>
    </groups>
    <test started-at="2024-08-22T07:27:27 PDT" name="Default test" finished-at="2024-08-22T07:27:39 PDT" duration-ms="12445">
      <class name="com.DropDown.DropDownBox">
        <test-method signature="dropDownBox()[pri:0, instance:com.DropDown.DropDownBox@659499f1]" started-at="2024-08-22T07:27:27 PDT" name="dropDownBox" finished-at="2024-08-22T07:27:39 PDT" duration-ms="12398" status="PASS">
          <reporter-output>
          </reporter-output>
        </test-method> <!-- dropDownBox -->
      </class> <!-- com.DropDown.DropDownBox -->
    </test> <!-- Default test -->
  </suite> <!-- Default suite -->
</testng-results>
